c:\users\user\desktop\0731_배열과연결리스트\0729_배열과연결리스트\x64\debug\vc143.pdb
c:\users\user\desktop\0731_배열과연결리스트\0729_배열과연결리스트\x64\debug\vc143.idb
c:\users\user\desktop\0731_배열과연결리스트\0729_배열과연결리스트\x64\debug\start.obj
c:\users\user\desktop\0731_배열과연결리스트\0729_배열과연결리스트\x64\debug\mystack2.obj
c:\users\user\desktop\0731_배열과연결리스트\0729_배열과연결리스트\x64\debug\mystack1.obj
c:\users\user\desktop\0731_배열과연결리스트\0729_배열과연결리스트\x64\debug\myqueue1.obj
c:\users\user\desktop\0731_배열과연결리스트\0729_배열과연결리스트\x64\debug\mylist.obj
c:\users\user\desktop\0731_배열과연결리스트\0729_배열과연결리스트\x64\debug\mydlist2.obj
c:\users\user\desktop\0731_배열과연결리스트\0729_배열과연결리스트\x64\debug\mydlist1.obj
c:\users\user\desktop\0731_배열과연결리스트\0729_배열과연결리스트\x64\debug\mydlist.obj
c:\users\user\desktop\0731_배열과연결리스트\0729_배열과연결리스트\x64\debug\myarr.obj
c:\users\user\desktop\0731_배열과연결리스트\x64\debug\0729_배열과연결리스트.exe
c:\users\user\desktop\0731_배열과연결리스트\x64\debug\0729_배열과연결리스트.pdb
c:\users\user\desktop\0731_배열과연결리스트\0729_배열과연결리스트\x64\debug\0729_배열과연결리스트.ilk
c:\users\user\desktop\0731_배열과연결리스트\0729_배열과연결리스트\x64\debug\0729_배열과연결리스트.tlog\cl.command.1.tlog
c:\users\user\desktop\0731_배열과연결리스트\0729_배열과연결리스트\x64\debug\0729_배열과연결리스트.tlog\cl.items.tlog
c:\users\user\desktop\0731_배열과연결리스트\0729_배열과연결리스트\x64\debug\0729_배열과연결리스트.tlog\cl.read.1.tlog
c:\users\user\desktop\0731_배열과연결리스트\0729_배열과연결리스트\x64\debug\0729_배열과연결리스트.tlog\cl.write.1.tlog
c:\users\user\desktop\0731_배열과연결리스트\0729_배열과연결리스트\x64\debug\0729_배열과연결리스트.tlog\link.command.1.tlog
c:\users\user\desktop\0731_배열과연결리스트\0729_배열과연결리스트\x64\debug\0729_배열과연결리스트.tlog\link.read.1.tlog
c:\users\user\desktop\0731_배열과연결리스트\0729_배열과연결리스트\x64\debug\0729_배열과연결리스트.tlog\link.secondary.1.tlog
c:\users\user\desktop\0731_배열과연결리스트\0729_배열과연결리스트\x64\debug\0729_배열과연결리스트.tlog\link.write.1.tlog
